<?xml version="1.0" encoding="UTF-8"?>
<!-- Generated by org.testng.reporters.JUnitReportReporter -->
<testsuite hostname="SHIVANI2000" failures="0" tests="1" name="TrelloEndToEndScenarios.TrelloBoards1" time="51.579" errors="0" timestamp="2023-06-22T09:20:17 IST" skipped="0">
  <testcase classname="TrelloEndToEndScenarios.TrelloBoards1" name="trelloDragAndDropAllCardsIntoAnotherList" time="51.579"/>
  <system-out>
    <![CDATA[Bords Title Text Feild is visible ]]>
  </system-out>
</testsuite> <!-- TrelloEndToEndScenarios.TrelloBoards1 -->
