<?xml version="1.0" encoding="UTF-8"?>
<!-- Generated by org.testng.reporters.JUnitReportReporter -->
<testsuite hostname="SHIVANI2000" failures="0" tests="5" name="TrelloEndToEndScenarios.TrelloBoards" time="131.492" errors="0" timestamp="2023-06-22T09:29:20 IST" skipped="0">
  <testcase classname="TrelloEndToEndScenarios.TrelloBoards" name="trelloHomePage" time="11.144"/>
  <system-out/>
  <testcase classname="TrelloEndToEndScenarios.TrelloBoards" name="trelloHomePageCheck" time="13.443"/>
  <system-out/>
  <testcase classname="TrelloEndToEndScenarios.TrelloBoards" name="trelloBoardPageCheck" time="31.044"/>
  <system-out/>
  <testcase classname="TrelloEndToEndScenarios.TrelloBoards" name="trelloCreateAndDeleteBoard" time="37.156"/>
  <system-out>
    <![CDATA[Bords Title Text Feild is visible ]]>
  </system-out>
  <testcase classname="TrelloEndToEndScenarios.TrelloBoards" name="trelloCreateMultipleListAndSwapInCreatedBoard" time="38.705"/>
  <system-out>
    <![CDATA[Bords Title Text Feild is visible ]]>
  </system-out>
</testsuite> <!-- TrelloEndToEndScenarios.TrelloBoards -->
